

Microchip Technology PIC18 LITE Macro Assembler V1.35 build -356382666 
                                                                                               Wed Oct 25 13:13:32 2017

Microchip Technology Omniscient Code Generator v1.35 (Free mode) build 201507080246
     1                           	processor	18F452
     2                           	fnconf	rparam,??,?,0
     3                           	opt	pw 120
     4                           	opt	lm
     5                           	psect	smallconst,global,reloc=2,class=SMALLCONST,delta=1
     6                           	psect	cinit,global,reloc=2,class=CODE,delta=1
     7                           	psect	cstackCOMRAM,global,class=COMRAM,space=1,delta=1
     8                           	psect	text0,global,reloc=2,class=CODE,delta=1
     9                           	psect	text1,global,reloc=2,class=CODE,delta=1
    10                           	psect	text2,global,reloc=2,class=CODE,delta=1
    11                           	psect	text3,global,reloc=2,class=CODE,delta=1
    12                           	psect	text4,global,reloc=2,class=CODE,delta=1
    13                           	psect	text5,global,reloc=2,class=CODE,delta=1
    14                           	psect	text6,global,reloc=2,class=CODE,delta=1
    15                           	psect	text7,global,reloc=2,class=CODE,delta=1
    16                           	psect	text8,global,reloc=2,class=CODE,delta=1
    17                           	psect	intsave_regs,global,class=BIGRAM,space=1,delta=1
    18                           	psect	rparam,global,class=COMRAM,space=1,delta=1
    19  0000                     _LATB	set	3978
    20  0000                     _LATD	set	3980
    21  0000                     _LATDbits	set	3980
    22  0000                     _PORTD	set	3971
    23  0000                     _TRISB	set	3987
    24  0000                     _TRISD	set	3989
    25  0000                     _TRISDbits	set	3989
    26                           
    27                           	psect	smallconst
    28  000600                     __psmallconst:
    29                           	opt stack 0
    30  000600  00                 	db	0
    31  000601                     STR_1:
    32  000601  48                 	db	72	;'H'
    33  000602  65                 	db	101	;'e'
    34  000603  6C                 	db	108	;'l'
    35  000604  6C                 	db	108	;'l'
    36  000605  6F                 	db	111	;'o'
    37  000606  20                 	db	32
    38  000607  57                 	db	87	;'W'
    39  000608  6F                 	db	111	;'o'
    40  000609  72                 	db	114	;'r'
    41  00060A  6C                 	db	108	;'l'
    42  00060B  64                 	db	100	;'d'
    43  00060C  00                 	db	0
    44                           
    45                           ; #config settings
    46  00060D  00                 	db	0	; dummy byte at the end
    47  0000                     
    48                           	psect	cinit
    49  000888                     __pcinit:
    50                           	opt stack 0
    51  000888                     start_initialization:
    52                           	opt stack 0
    53  000888                     __initialization:
    54                           	opt stack 0
    55  000888                     end_of_initialization:
    56                           	opt stack 0
    57  000888                     __end_of__initialization:
    58                           	opt stack 0
    59  000888  0E00               	movlw	low (__Lsmallconst shr (0+16))
    60  00088A  6EF8               	movwf	tblptru,c
    61  00088C  0E06               	movlw	high __Lsmallconst
    62  00088E  6EF7               	movwf	tblptrh,c
    63  000890  0100               	movlb	0
    64  000892  EF65  F003         	goto	_main	;jump to C main() function
    65                           tblptru	equ	0xFF8
    66                           tblptrh	equ	0xFF7
    67                           
    68                           	psect	cstackCOMRAM
    69  000001                     __pcstackCOMRAM:
    70                           	opt stack 0
    71  000001                     ??_DelayPORXLCD:
    72  000001                     SetDDRamAddr@DDaddr:
    73                           	opt stack 0
    74  000001                     WriteCmdXLCD@cmd:
    75                           	opt stack 0
    76  000001                     WriteDataXLCD@data:
    77                           	opt stack 0
    78                           
    79                           ; 1 bytes @ 0x0
    80  000001                     	ds	1
    81  000002                     ??_OpenXLCD:
    82  000002                     putrsXLCD@buffer:
    83                           	opt stack 0
    84                           
    85                           ; 2 bytes @ 0x1
    86  000002                     	ds	1
    87  000003                     OpenXLCD@lcdtype:
    88                           	opt stack 0
    89                           
    90                           ; 1 bytes @ 0x2
    91  000003                     	ds	1
    92  000004                     tblptru	equ	0xFF8
    93                           tblptrh	equ	0xFF7
    94                           
    95                           ; 0 bytes @ 0x3
    96 ;;
    97 ;;Main: autosize = 0, tempsize = 0, incstack = 0, save=0
    98 ;;
    99 ;; *************** function _main *****************
   100 ;; Defined at:
   101 ;;		line 27 in file "lcdmain.c"
   102 ;; Parameters:    Size  Location     Type
   103 ;;		None
   104 ;; Auto vars:     Size  Location     Type
   105 ;;		None
   106 ;; Return value:  Size  Location     Type
   107 ;;		None               void
   108 ;; Registers used:
   109 ;;		wreg, status,2, status,0, tblptrl, tblptrh, tblptru, cstack
   110 ;; Tracked objects:
   111 ;;		On entry : 0/0
   112 ;;		On exit  : 0/0
   113 ;;		Unchanged: 0/0
   114 ;; Data sizes:     COMRAM   BANK0   BANK1   BANK2   BANK3   BANK4   BANK5
   115 ;;      Params:         0       0       0       0       0       0       0
   116 ;;      Locals:         0       0       0       0       0       0       0
   117 ;;      Temps:          0       0       0       0       0       0       0
   118 ;;      Totals:         0       0       0       0       0       0       0
   119 ;;Total ram usage:        0 bytes
   120 ;; Hardware stack levels required when called:    3
   121 ;; This function calls:
   122 ;;		_BusyXLCD
   123 ;;		_OpenXLCD
   124 ;;		_SetDDRamAddr
   125 ;;		_WriteCmdXLCD
   126 ;;		_putrsXLCD
   127 ;; This function is called by:
   128 ;;		Startup code after reset
   129 ;; This function uses a non-reentrant model
   130 ;;
   131                           
   132                           	psect	text0
   133  0006CA                     __ptext0:
   134                           	opt stack 0
   135  0006CA                     _main:
   136                           	opt stack 28
   137                           
   138                           ;incstack = 0
   139  0006CA  FFFF               	dw	65535
   140                           
   141                           ;lcdmain.c: 30: TRISD = 0x00;
   142  0006CC  0E00               	movlw	0
   143  0006CE  6E95               	movwf	3989,c	;volatile
   144                           
   145                           ;lcdmain.c: 31: TRISB = 0x0;
   146  0006D0  0E00               	movlw	0
   147  0006D2  6E93               	movwf	3987,c	;volatile
   148                           
   149                           ;lcdmain.c: 32: LATB = 0x0;
   150  0006D4  0E00               	movlw	0
   151  0006D6  6E8A               	movwf	3978,c	;volatile
   152                           
   153                           ;lcdmain.c: 33: LATD = 0x0;
   154  0006D8  0E00               	movlw	0
   155  0006DA  6E8C               	movwf	3980,c	;volatile
   156                           
   157                           ;lcdmain.c: 35: OpenXLCD(0b00101100 & 0b00111000);
   158  0006DC  0E28               	movlw	40
   159  0006DE  EC07  F003         	call	_OpenXLCD
   160  0006E2                     l1036:
   161  0006E2  ECF4  F003         	call	_BusyXLCD	;wreg free
   162  0006E6  0900               	iorlw	0
   163  0006E8  A4D8               	btfss	status,2,c
   164  0006EA  D7FB               	goto	l1036
   165                           
   166                           ;lcdmain.c: 37: WriteCmdXLCD( 0b00101100 & 0b00111000 );
   167  0006EC  0E28               	movlw	40
   168  0006EE  ECD3  F003         	call	_WriteCmdXLCD
   169  0006F2                     l1040:
   170  0006F2  ECF4  F003         	call	_BusyXLCD	;wreg free
   171  0006F6  0900               	iorlw	0
   172  0006F8  A4D8               	btfss	status,2,c
   173  0006FA  D7FB               	goto	l1040
   174                           
   175                           ;lcdmain.c: 39: WriteCmdXLCD( 0b00000110 );
   176  0006FC  0E06               	movlw	6
   177  0006FE  ECD3  F003         	call	_WriteCmdXLCD
   178  000702                     l1044:
   179  000702  ECF4  F003         	call	_BusyXLCD	;wreg free
   180  000706  0900               	iorlw	0
   181  000708  A4D8               	btfss	status,2,c
   182  00070A  D7FB               	goto	l1044
   183                           
   184                           ;lcdmain.c: 42: SetDDRamAddr(0x43);
   185  00070C  0E43               	movlw	67
   186  00070E  EC90  F003         	call	_SetDDRamAddr
   187                           
   188                           ;lcdmain.c: 43: putrsXLCD("Hello World");
   189  000712  0E01               	movlw	low STR_1
   190  000714  6E02               	movwf	putrsXLCD@buffer,c
   191  000716  0E06               	movlw	high STR_1
   192  000718  6E03               	movwf	putrsXLCD@buffer+1,c
   193  00071A  EC13  F004         	call	_putrsXLCD	;wreg free
   194  00071E  D7FF               	goto	l36
   195  000720                     __end_of_main:
   196                           	opt stack 0
   197                           tblptru	equ	0xFF8
   198                           tblptrh	equ	0xFF7
   199                           status	equ	0xFD8
   200                           
   201 ;; *************** function _putrsXLCD *****************
   202 ;; Defined at:
   203 ;;		line 161 in file "lcd.c"
   204 ;; Parameters:    Size  Location     Type
   205 ;;  buffer          2    1[COMRAM] PTR const unsigned char 
   206 ;;		 -> STR_1(12), 
   207 ;; Auto vars:     Size  Location     Type
   208 ;;		None
   209 ;; Return value:  Size  Location     Type
   210 ;;		None               void
   211 ;; Registers used:
   212 ;;		wreg, status,2, status,0, tblptrl, tblptrh, tblptru, cstack
   213 ;; Tracked objects:
   214 ;;		On entry : 0/0
   215 ;;		On exit  : 0/0
   216 ;;		Unchanged: 0/0
   217 ;; Data sizes:     COMRAM   BANK0   BANK1   BANK2   BANK3   BANK4   BANK5
   218 ;;      Params:         2       0       0       0       0       0       0
   219 ;;      Locals:         0       0       0       0       0       0       0
   220 ;;      Temps:          0       0       0       0       0       0       0
   221 ;;      Totals:         2       0       0       0       0       0       0
   222 ;;Total ram usage:        2 bytes
   223 ;; Hardware stack levels used:    1
   224 ;; Hardware stack levels required when called:    2
   225 ;; This function calls:
   226 ;;		_BusyXLCD
   227 ;;		_WriteDataXLCD
   228 ;; This function is called by:
   229 ;;		_main
   230 ;; This function uses a non-reentrant model
   231 ;;
   232                           
   233                           	psect	text1
   234  000826                     __ptext1:
   235                           	opt stack 0
   236  000826                     _putrsXLCD:
   237                           	opt stack 28
   238                           
   239                           ;incstack = 0
   240  000826  FFFF               	dw	65535
   241                           
   242                           ;lcd.c: 163: while(*buffer)
   243  000828  D010               	goto	l1030
   244  00082A                     l1024:
   245  00082A  ECF4  F003         	call	_BusyXLCD	;wreg free
   246  00082E  0900               	iorlw	0
   247  000830  A4D8               	btfss	status,2,c
   248  000832  D7FB               	goto	l1024
   249                           
   250                           ;lcd.c: 166: WriteDataXLCD(*buffer);
   251  000834  C002  FFF6         	movff	putrsXLCD@buffer,tblptrl
   252  000838  C003  FFF7         	movff	putrsXLCD@buffer+1,tblptrh
   253  00083C                     	if	0	;tblptru may be non-zero
   254  00083C                     	endif
   255  00083C                     	if	0	;tblptru may be non-zero
   256  00083C                     	endif
   257  00083C  0008               	tblrd		*
   258  00083E  FFFF               	dw	65535	; errata NOP
   259  000840  50F5               	movf	tablat,w,c
   260  000842  ECB2  F003         	call	_WriteDataXLCD
   261                           
   262                           ;lcd.c: 167: buffer++;
   263  000846  4A02               	infsnz	putrsXLCD@buffer,f,c
   264  000848  2A03               	incf	putrsXLCD@buffer+1,f,c
   265  00084A                     l1030:
   266  00084A  C002  FFF6         	movff	putrsXLCD@buffer,tblptrl
   267  00084E  C003  FFF7         	movff	putrsXLCD@buffer+1,tblptrh
   268  000852                     	if	0	;tblptru may be non-zero
   269  000852                     	endif
   270  000852                     	if	0	;tblptru may be non-zero
   271  000852                     	endif
   272  000852  0008               	tblrd		*
   273  000854  FFFF               	dw	65535	; errata NOP
   274  000856  50F5               	movf	tablat,w,c
   275  000858  0900               	iorlw	0
   276  00085A  B4D8               	btfsc	status,2,c
   277                           
   278                           ;lcd.c: 168: }
   279                           ;lcd.c: 169: return;
   280  00085C  0012               	return		;funcret
   281  00085E  D7E5               	goto	l1024
   282  000860  FFFF               	dw	65535	; errata NOP
   283  000862                     __end_of_putrsXLCD:
   284                           	opt stack 0
   285                           tblptru	equ	0xFF8
   286                           tblptrh	equ	0xFF7
   287                           tblptrl	equ	0xFF6
   288                           tablat	equ	0xFF5
   289                           status	equ	0xFD8
   290                           
   291 ;; *************** function _WriteDataXLCD *****************
   292 ;; Defined at:
   293 ;;		line 521 in file "lcd.c"
   294 ;; Parameters:    Size  Location     Type
   295 ;;  data            1    wreg     unsigned char 
   296 ;; Auto vars:     Size  Location     Type
   297 ;;  data            1    0[COMRAM] unsigned char 
   298 ;; Return value:  Size  Location     Type
   299 ;;		None               void
   300 ;; Registers used:
   301 ;;		wreg, status,2, status,0, cstack
   302 ;; Tracked objects:
   303 ;;		On entry : 0/0
   304 ;;		On exit  : 0/0
   305 ;;		Unchanged: 0/0
   306 ;; Data sizes:     COMRAM   BANK0   BANK1   BANK2   BANK3   BANK4   BANK5
   307 ;;      Params:         0       0       0       0       0       0       0
   308 ;;      Locals:         1       0       0       0       0       0       0
   309 ;;      Temps:          0       0       0       0       0       0       0
   310 ;;      Totals:         1       0       0       0       0       0       0
   311 ;;Total ram usage:        1 bytes
   312 ;; Hardware stack levels used:    1
   313 ;; Hardware stack levels required when called:    1
   314 ;; This function calls:
   315 ;;		_DelayFor18TCY
   316 ;; This function is called by:
   317 ;;		_putrsXLCD
   318 ;;		_putsXLCD
   319 ;; This function uses a non-reentrant model
   320 ;;
   321                           
   322                           	psect	text2
   323  000764                     __ptext2:
   324                           	opt stack 0
   325  000764                     _WriteDataXLCD:
   326                           	opt stack 28
   327                           
   328                           ;incstack = 0
   329  000764  FFFF               	dw	65535
   330                           
   331                           ;WriteDataXLCD@data stored from wreg
   332  000766  6E01               	movwf	WriteDataXLCD@data,c
   333                           
   334                           ;lcd.c: 536: TRISD &= 0x0f;
   335  000768  0E0F               	movlw	15
   336  00076A  1695               	andwf	3989,f,c	;volatile
   337                           
   338                           ;lcd.c: 537: PORTD &= 0x0f;
   339  00076C  0E0F               	movlw	15
   340  00076E  1683               	andwf	3971,f,c	;volatile
   341                           
   342                           ;lcd.c: 538: PORTD |= data&0xf0;
   343  000770  5001               	movf	WriteDataXLCD@data,w,c
   344  000772  0BF0               	andlw	240
   345  000774  1283               	iorwf	3971,f,c	;volatile
   346                           
   347                           ;lcd.c: 544: LATDbits.LATD1 = 1;
   348  000776  828C               	bsf	3980,1,c	;volatile
   349                           
   350                           ;lcd.c: 545: LATDbits.LATD2 = 0;
   351  000778  948C               	bcf	3980,2,c	;volatile
   352                           
   353                           ;lcd.c: 546: DelayFor18TCY();
   354  00077A  EC3C  F004         	call	_DelayFor18TCY	;wreg free
   355                           
   356                           ;lcd.c: 547: LATDbits.LATD0 = 1;
   357  00077E  808C               	bsf	3980,0,c	;volatile
   358                           
   359                           ;lcd.c: 548: DelayFor18TCY();
   360  000780  EC3C  F004         	call	_DelayFor18TCY	;wreg free
   361                           
   362                           ;lcd.c: 549: LATDbits.LATD0 = 0;
   363  000784  908C               	bcf	3980,0,c	;volatile
   364                           
   365                           ;lcd.c: 551: PORTD &= 0x0f;
   366  000786  0E0F               	movlw	15
   367  000788  1683               	andwf	3971,f,c	;volatile
   368                           
   369                           ;lcd.c: 552: PORTD |= ((data<<4)&0xf0);
   370  00078A  3801               	swapf	WriteDataXLCD@data,w,c
   371  00078C  0BF0               	andlw	240
   372  00078E  0BF0               	andlw	240
   373  000790  1283               	iorwf	3971,f,c	;volatile
   374                           
   375                           ;lcd.c: 557: DelayFor18TCY();
   376  000792  EC3C  F004         	call	_DelayFor18TCY	;wreg free
   377                           
   378                           ;lcd.c: 558: LATDbits.LATD0 = 1;
   379  000796  808C               	bsf	3980,0,c	;volatile
   380                           
   381                           ;lcd.c: 559: DelayFor18TCY();
   382  000798  EC3C  F004         	call	_DelayFor18TCY	;wreg free
   383                           
   384                           ;lcd.c: 560: LATDbits.LATD0 = 0;
   385  00079C  908C               	bcf	3980,0,c	;volatile
   386                           
   387                           ;lcd.c: 562: TRISD |= 0xf0;
   388  00079E  0EF0               	movlw	240
   389  0007A0  1295               	iorwf	3989,f,c	;volatile
   390                           
   391                           ;lcd.c: 567: return;
   392  0007A2  0012               	return		;funcret
   393  0007A4  FFFF               	dw	65535	; errata NOP
   394  0007A6                     __end_of_WriteDataXLCD:
   395                           	opt stack 0
   396                           tblptru	equ	0xFF8
   397                           tblptrh	equ	0xFF7
   398                           tblptrl	equ	0xFF6
   399                           tablat	equ	0xFF5
   400                           status	equ	0xFD8
   401                           
   402 ;; *************** function _OpenXLCD *****************
   403 ;; Defined at:
   404 ;;		line 80 in file "lcd.c"
   405 ;; Parameters:    Size  Location     Type
   406 ;;  lcdtype         1    wreg     unsigned char 
   407 ;; Auto vars:     Size  Location     Type
   408 ;;  lcdtype         1    2[COMRAM] unsigned char 
   409 ;; Return value:  Size  Location     Type
   410 ;;		None               void
   411 ;; Registers used:
   412 ;;		wreg, status,2, status,0, cstack
   413 ;; Tracked objects:
   414 ;;		On entry : 0/0
   415 ;;		On exit  : 0/0
   416 ;;		Unchanged: 0/0
   417 ;; Data sizes:     COMRAM   BANK0   BANK1   BANK2   BANK3   BANK4   BANK5
   418 ;;      Params:         0       0       0       0       0       0       0
   419 ;;      Locals:         1       0       0       0       0       0       0
   420 ;;      Temps:          1       0       0       0       0       0       0
   421 ;;      Totals:         2       0       0       0       0       0       0
   422 ;;Total ram usage:        2 bytes
   423 ;; Hardware stack levels used:    1
   424 ;; Hardware stack levels required when called:    2
   425 ;; This function calls:
   426 ;;		_BusyXLCD
   427 ;;		_DelayPORXLCD
   428 ;;		_SetDDRamAddr
   429 ;;		_WriteCmdXLCD
   430 ;; This function is called by:
   431 ;;		_main
   432 ;; This function uses a non-reentrant model
   433 ;;
   434                           
   435                           	psect	text3
   436  00060E                     __ptext3:
   437                           	opt stack 0
   438  00060E                     _OpenXLCD:
   439                           	opt stack 28
   440                           
   441                           ;incstack = 0
   442  00060E  FFFF               	dw	65535
   443                           
   444                           ;OpenXLCD@lcdtype stored from wreg
   445  000610  6E03               	movwf	OpenXLCD@lcdtype,c
   446                           
   447                           ;lcd.c: 89: PORTD &= 0x0f;
   448  000612  0E0F               	movlw	15
   449  000614  1683               	andwf	3971,f,c	;volatile
   450                           
   451                           ;lcd.c: 90: TRISD &= 0x0F;
   452  000616  0E0F               	movlw	15
   453  000618  1695               	andwf	3989,f,c	;volatile
   454                           
   455                           ;lcd.c: 96: TRISDbits.TRISD2 = 0;
   456  00061A  9495               	bcf	3989,2,c	;volatile
   457                           
   458                           ;lcd.c: 97: TRISDbits.TRISD1 = 0;
   459  00061C  9295               	bcf	3989,1,c	;volatile
   460                           
   461                           ;lcd.c: 98: TRISDbits.TRISD0 = 0;
   462  00061E  9095               	bcf	3989,0,c	;volatile
   463                           
   464                           ;lcd.c: 99: LATDbits.LATD2 = 0;
   465  000620  948C               	bcf	3980,2,c	;volatile
   466                           
   467                           ;lcd.c: 100: LATDbits.LATD1 = 0;
   468  000622  928C               	bcf	3980,1,c	;volatile
   469                           
   470                           ;lcd.c: 101: LATDbits.LATD0 = 0;
   471  000624  908C               	bcf	3980,0,c	;volatile
   472                           
   473                           ;lcd.c: 104: DelayPORXLCD();
   474  000626  EC31  F004         	call	_DelayPORXLCD	;wreg free
   475                           
   476                           ;lcd.c: 106: WriteCmdXLCD(0x30);
   477  00062A  0E30               	movlw	48
   478  00062C  ECD3  F003         	call	_WriteCmdXLCD
   479                           
   480                           ;lcd.c: 108: _delay((unsigned long)((15)*((4000000)/4000.0)));
   481  000630  0E0F               	movlw	15
   482  000632  6E02               	movwf	??_OpenXLCD& (0+255),c
   483  000634  0E9E               	movlw	158
   484  000636                     u217:
   485  000636  FFFF               	dw	65535	; errata NOP
   486  000638  2EE8               	decfsz	wreg,f,c
   487  00063A  D7FD               	goto	u217
   488  00063C  2E02               	decfsz	??_OpenXLCD& (0+255),f,c
   489  00063E  D7FB               	goto	u217
   490                           
   491                           ;lcd.c: 110: WriteCmdXLCD(0x30);
   492  000640  0E30               	movlw	48
   493  000642  ECD3  F003         	call	_WriteCmdXLCD
   494                           
   495                           ;lcd.c: 112: _delay((unsigned long)((15)*((4000000)/4000.0)));
   496  000646  0E0F               	movlw	15
   497  000648  6E02               	movwf	??_OpenXLCD& (0+255),c
   498  00064A  0E9E               	movlw	158
   499  00064C                     u227:
   500  00064C  FFFF               	dw	65535	; errata NOP
   501  00064E  2EE8               	decfsz	wreg,f,c
   502  000650  D7FD               	goto	u227
   503  000652  2E02               	decfsz	??_OpenXLCD& (0+255),f,c
   504  000654  D7FB               	goto	u227
   505                           
   506                           ;lcd.c: 114: WriteCmdXLCD(0x32);
   507  000656  0E32               	movlw	50
   508  000658  ECD3  F003         	call	_WriteCmdXLCD
   509  00065C                     l880:
   510  00065C  ECF4  F003         	call	_BusyXLCD	;wreg free
   511  000660  0900               	iorlw	0
   512  000662  A4D8               	btfss	status,2,c
   513  000664  D7FB               	goto	l880
   514  000666                     l882:
   515  000666  ECF4  F003         	call	_BusyXLCD	;wreg free
   516  00066A  0900               	iorlw	0
   517  00066C  A4D8               	btfss	status,2,c
   518  00066E  D7FB               	goto	l882
   519                           
   520                           ;lcd.c: 121: WriteCmdXLCD(lcdtype);
   521  000670  5003               	movf	OpenXLCD@lcdtype,w,c
   522  000672  ECD3  F003         	call	_WriteCmdXLCD
   523  000676                     l886:
   524  000676  ECF4  F003         	call	_BusyXLCD	;wreg free
   525  00067A  0900               	iorlw	0
   526  00067C  A4D8               	btfss	status,2,c
   527  00067E  D7FB               	goto	l886
   528                           
   529                           ;lcd.c: 125: WriteCmdXLCD(0b00001011&0b00001101&0b00001110);
   530  000680  0E08               	movlw	8
   531  000682  ECD3  F003         	call	_WriteCmdXLCD
   532  000686                     l890:
   533  000686  ECF4  F003         	call	_BusyXLCD	;wreg free
   534  00068A  0900               	iorlw	0
   535  00068C  A4D8               	btfss	status,2,c
   536  00068E  D7FB               	goto	l890
   537                           
   538                           ;lcd.c: 127: WriteCmdXLCD(0b00001111&0b00001111&0b00001111);
   539  000690  0E0F               	movlw	15
   540  000692  ECD3  F003         	call	_WriteCmdXLCD
   541  000696                     l894:
   542  000696  ECF4  F003         	call	_BusyXLCD	;wreg free
   543  00069A  0900               	iorlw	0
   544  00069C  A4D8               	btfss	status,2,c
   545  00069E  D7FB               	goto	l894
   546                           
   547                           ;lcd.c: 131: WriteCmdXLCD(0x01);
   548  0006A0  0E01               	movlw	1
   549  0006A2  ECD3  F003         	call	_WriteCmdXLCD
   550  0006A6                     l898:
   551  0006A6  ECF4  F003         	call	_BusyXLCD	;wreg free
   552  0006AA  0900               	iorlw	0
   553  0006AC  A4D8               	btfss	status,2,c
   554  0006AE  D7FB               	goto	l898
   555                           
   556                           ;lcd.c: 135: WriteCmdXLCD(0b00000100);
   557  0006B0  0E04               	movlw	4
   558  0006B2  ECD3  F003         	call	_WriteCmdXLCD
   559  0006B6                     l902:
   560  0006B6  ECF4  F003         	call	_BusyXLCD	;wreg free
   561  0006BA  0900               	iorlw	0
   562  0006BC  A4D8               	btfss	status,2,c
   563  0006BE  D7FB               	goto	l902
   564                           
   565                           ;lcd.c: 139: SetDDRamAddr(0x80);
   566  0006C0  0E80               	movlw	128
   567  0006C2  EC90  F003         	call	_SetDDRamAddr
   568                           
   569                           ;lcd.c: 141: return;
   570  0006C6  0012               	return		;funcret
   571  0006C8  FFFF               	dw	65535	; errata NOP
   572  0006CA                     __end_of_OpenXLCD:
   573                           	opt stack 0
   574                           tblptru	equ	0xFF8
   575                           tblptrh	equ	0xFF7
   576                           tblptrl	equ	0xFF6
   577                           tablat	equ	0xFF5
   578                           wreg	equ	0xFE8
   579                           status	equ	0xFD8
   580                           
   581 ;; *************** function _WriteCmdXLCD *****************
   582 ;; Defined at:
   583 ;;		line 455 in file "lcd.c"
   584 ;; Parameters:    Size  Location     Type
   585 ;;  cmd             1    wreg     unsigned char 
   586 ;; Auto vars:     Size  Location     Type
   587 ;;  cmd             1    0[COMRAM] unsigned char 
   588 ;; Return value:  Size  Location     Type
   589 ;;		None               void
   590 ;; Registers used:
   591 ;;		wreg, status,2, status,0, cstack
   592 ;; Tracked objects:
   593 ;;		On entry : 0/0
   594 ;;		On exit  : 0/0
   595 ;;		Unchanged: 0/0
   596 ;; Data sizes:     COMRAM   BANK0   BANK1   BANK2   BANK3   BANK4   BANK5
   597 ;;      Params:         0       0       0       0       0       0       0
   598 ;;      Locals:         1       0       0       0       0       0       0
   599 ;;      Temps:          0       0       0       0       0       0       0
   600 ;;      Totals:         1       0       0       0       0       0       0
   601 ;;Total ram usage:        1 bytes
   602 ;; Hardware stack levels used:    1
   603 ;; Hardware stack levels required when called:    1
   604 ;; This function calls:
   605 ;;		_DelayFor18TCY
   606 ;; This function is called by:
   607 ;;		_main
   608 ;;		_OpenXLCD
   609 ;; This function uses a non-reentrant model
   610 ;;
   611                           
   612                           	psect	text4
   613  0007A6                     __ptext4:
   614                           	opt stack 0
   615  0007A6                     _WriteCmdXLCD:
   616                           	opt stack 29
   617                           
   618                           ;incstack = 0
   619  0007A6  FFFF               	dw	65535
   620                           
   621                           ;WriteCmdXLCD@cmd stored from wreg
   622  0007A8  6E01               	movwf	WriteCmdXLCD@cmd,c
   623                           
   624                           ;lcd.c: 470: TRISD &= 0x0f;
   625  0007AA  0E0F               	movlw	15
   626  0007AC  1695               	andwf	3989,f,c	;volatile
   627                           
   628                           ;lcd.c: 471: PORTD &= 0x0f;
   629  0007AE  0E0F               	movlw	15
   630  0007B0  1683               	andwf	3971,f,c	;volatile
   631                           
   632                           ;lcd.c: 472: PORTD |= cmd&0xf0;
   633  0007B2  5001               	movf	WriteCmdXLCD@cmd,w,c
   634  0007B4  0BF0               	andlw	240
   635  0007B6  1283               	iorwf	3971,f,c	;volatile
   636                           
   637                           ;lcd.c: 478: LATDbits.LATD2 = 0;
   638  0007B8  948C               	bcf	3980,2,c	;volatile
   639                           
   640                           ;lcd.c: 479: LATDbits.LATD1 = 0;
   641  0007BA  928C               	bcf	3980,1,c	;volatile
   642                           
   643                           ;lcd.c: 480: DelayFor18TCY();
   644  0007BC  EC3C  F004         	call	_DelayFor18TCY	;wreg free
   645                           
   646                           ;lcd.c: 481: LATDbits.LATD0 = 1;
   647  0007C0  808C               	bsf	3980,0,c	;volatile
   648                           
   649                           ;lcd.c: 482: DelayFor18TCY();
   650  0007C2  EC3C  F004         	call	_DelayFor18TCY	;wreg free
   651                           
   652                           ;lcd.c: 483: LATDbits.LATD0 = 0;
   653  0007C6  908C               	bcf	3980,0,c	;volatile
   654                           
   655                           ;lcd.c: 485: PORTD &= 0x0f;
   656  0007C8  0E0F               	movlw	15
   657  0007CA  1683               	andwf	3971,f,c	;volatile
   658                           
   659                           ;lcd.c: 486: PORTD |= (cmd<<4)&0xf0;
   660  0007CC  3801               	swapf	WriteCmdXLCD@cmd,w,c
   661  0007CE  0BF0               	andlw	240
   662  0007D0  0BF0               	andlw	240
   663  0007D2  1283               	iorwf	3971,f,c	;volatile
   664                           
   665                           ;lcd.c: 491: DelayFor18TCY();
   666  0007D4  EC3C  F004         	call	_DelayFor18TCY	;wreg free
   667                           
   668                           ;lcd.c: 492: LATDbits.LATD0 = 1;
   669  0007D8  808C               	bsf	3980,0,c	;volatile
   670                           
   671                           ;lcd.c: 493: DelayFor18TCY();
   672  0007DA  EC3C  F004         	call	_DelayFor18TCY	;wreg free
   673                           
   674                           ;lcd.c: 494: LATDbits.LATD0 = 0;
   675  0007DE  908C               	bcf	3980,0,c	;volatile
   676                           
   677                           ;lcd.c: 496: TRISD |= 0xf0;
   678  0007E0  0EF0               	movlw	240
   679  0007E2  1295               	iorwf	3989,f,c	;volatile
   680                           
   681                           ;lcd.c: 501: return;
   682  0007E4  0012               	return		;funcret
   683  0007E6  FFFF               	dw	65535	; errata NOP
   684  0007E8                     __end_of_WriteCmdXLCD:
   685                           	opt stack 0
   686                           tblptru	equ	0xFF8
   687                           tblptrh	equ	0xFF7
   688                           tblptrl	equ	0xFF6
   689                           tablat	equ	0xFF5
   690                           wreg	equ	0xFE8
   691                           status	equ	0xFD8
   692                           
   693 ;; *************** function _SetDDRamAddr *****************
   694 ;; Defined at:
   695 ;;		line 392 in file "lcd.c"
   696 ;; Parameters:    Size  Location     Type
   697 ;;  DDaddr          1    wreg     unsigned char 
   698 ;; Auto vars:     Size  Location     Type
   699 ;;  DDaddr          1    0[COMRAM] unsigned char 
   700 ;; Return value:  Size  Location     Type
   701 ;;		None               void
   702 ;; Registers used:
   703 ;;		wreg, status,2, status,0, cstack
   704 ;; Tracked objects:
   705 ;;		On entry : 0/0
   706 ;;		On exit  : 0/0
   707 ;;		Unchanged: 0/0
   708 ;; Data sizes:     COMRAM   BANK0   BANK1   BANK2   BANK3   BANK4   BANK5
   709 ;;      Params:         0       0       0       0       0       0       0
   710 ;;      Locals:         1       0       0       0       0       0       0
   711 ;;      Temps:          0       0       0       0       0       0       0
   712 ;;      Totals:         1       0       0       0       0       0       0
   713 ;;Total ram usage:        1 bytes
   714 ;; Hardware stack levels used:    1
   715 ;; Hardware stack levels required when called:    1
   716 ;; This function calls:
   717 ;;		_DelayFor18TCY
   718 ;; This function is called by:
   719 ;;		_main
   720 ;;		_OpenXLCD
   721 ;; This function uses a non-reentrant model
   722 ;;
   723                           
   724                           	psect	text5
   725  000720                     __ptext5:
   726                           	opt stack 0
   727  000720                     _SetDDRamAddr:
   728                           	opt stack 29
   729                           
   730                           ;incstack = 0
   731  000720  FFFF               	dw	65535
   732                           
   733                           ;SetDDRamAddr@DDaddr stored from wreg
   734  000722  6E01               	movwf	SetDDRamAddr@DDaddr,c
   735                           
   736                           ;lcd.c: 407: TRISD &= 0x0f;
   737  000724  0E0F               	movlw	15
   738  000726  1695               	andwf	3989,f,c	;volatile
   739                           
   740                           ;lcd.c: 408: PORTD &= 0x0f;
   741  000728  0E0F               	movlw	15
   742  00072A  1683               	andwf	3971,f,c	;volatile
   743                           
   744                           ;lcd.c: 409: PORTD |= ((DDaddr | 0b10000000) & 0xf0);
   745  00072C  5001               	movf	SetDDRamAddr@DDaddr,w,c
   746  00072E  0980               	iorlw	128
   747  000730  0BF0               	andlw	240
   748  000732  1283               	iorwf	3971,f,c	;volatile
   749                           
   750                           ;lcd.c: 415: LATDbits.LATD2 = 0;
   751  000734  948C               	bcf	3980,2,c	;volatile
   752                           
   753                           ;lcd.c: 416: LATDbits.LATD1 = 0;
   754  000736  928C               	bcf	3980,1,c	;volatile
   755                           
   756                           ;lcd.c: 417: DelayFor18TCY();
   757  000738  EC3C  F004         	call	_DelayFor18TCY	;wreg free
   758                           
   759                           ;lcd.c: 418: LATDbits.LATD0 = 1;
   760  00073C  808C               	bsf	3980,0,c	;volatile
   761                           
   762                           ;lcd.c: 419: DelayFor18TCY();
   763  00073E  EC3C  F004         	call	_DelayFor18TCY	;wreg free
   764                           
   765                           ;lcd.c: 420: LATDbits.LATD0 = 0;
   766  000742  908C               	bcf	3980,0,c	;volatile
   767                           
   768                           ;lcd.c: 422: PORTD &= 0x0f;
   769  000744  0E0F               	movlw	15
   770  000746  1683               	andwf	3971,f,c	;volatile
   771                           
   772                           ;lcd.c: 423: PORTD |= ((DDaddr<<4)&0xf0);
   773  000748  3801               	swapf	SetDDRamAddr@DDaddr,w,c
   774  00074A  0BF0               	andlw	240
   775  00074C  0BF0               	andlw	240
   776  00074E  1283               	iorwf	3971,f,c	;volatile
   777                           
   778                           ;lcd.c: 428: DelayFor18TCY();
   779  000750  EC3C  F004         	call	_DelayFor18TCY	;wreg free
   780                           
   781                           ;lcd.c: 429: LATDbits.LATD0 = 1;
   782  000754  808C               	bsf	3980,0,c	;volatile
   783                           
   784                           ;lcd.c: 430: DelayFor18TCY();
   785  000756  EC3C  F004         	call	_DelayFor18TCY	;wreg free
   786                           
   787                           ;lcd.c: 431: LATDbits.LATD0 = 0;
   788  00075A  908C               	bcf	3980,0,c	;volatile
   789                           
   790                           ;lcd.c: 433: TRISD |= 0xf0;
   791  00075C  0EF0               	movlw	240
   792  00075E  1295               	iorwf	3989,f,c	;volatile
   793                           
   794                           ;lcd.c: 438: return;
   795  000760  0012               	return		;funcret
   796  000762  FFFF               	dw	65535	; errata NOP
   797  000764                     __end_of_SetDDRamAddr:
   798                           	opt stack 0
   799                           tblptru	equ	0xFF8
   800                           tblptrh	equ	0xFF7
   801                           tblptrl	equ	0xFF6
   802                           tablat	equ	0xFF5
   803                           wreg	equ	0xFE8
   804                           status	equ	0xFD8
   805                           
   806 ;; *************** function _DelayPORXLCD *****************
   807 ;; Defined at:
   808 ;;		line 58 in file "lcdmain.c"
   809 ;; Parameters:    Size  Location     Type
   810 ;;		None
   811 ;; Auto vars:     Size  Location     Type
   812 ;;		None
   813 ;; Return value:  Size  Location     Type
   814 ;;		None               void
   815 ;; Registers used:
   816 ;;		wreg
   817 ;; Tracked objects:
   818 ;;		On entry : 0/0
   819 ;;		On exit  : 0/0
   820 ;;		Unchanged: 0/0
   821 ;; Data sizes:     COMRAM   BANK0   BANK1   BANK2   BANK3   BANK4   BANK5
   822 ;;      Params:         0       0       0       0       0       0       0
   823 ;;      Locals:         0       0       0       0       0       0       0
   824 ;;      Temps:          1       0       0       0       0       0       0
   825 ;;      Totals:         1       0       0       0       0       0       0
   826 ;;Total ram usage:        1 bytes
   827 ;; Hardware stack levels used:    1
   828 ;; This function calls:
   829 ;;		Nothing
   830 ;; This function is called by:
   831 ;;		_OpenXLCD
   832 ;; This function uses a non-reentrant model
   833 ;;
   834                           
   835                           	psect	text6
   836  000862                     __ptext6:
   837                           	opt stack 0
   838  000862                     _DelayPORXLCD:
   839                           	opt stack 29
   840                           
   841                           ;incstack = 0
   842  000862  FFFF               	dw	65535
   843                           
   844                           ;lcdmain.c: 60: _delay((unsigned long)((15)*((4000000)/4000.0)));
   845  000864  0E0F               	movlw	15
   846  000866  6E01               	movwf	??_DelayPORXLCD& (0+255),c
   847  000868  0E9E               	movlw	158
   848  00086A                     u237:
   849  00086A  FFFF               	dw	65535	; errata NOP
   850  00086C  2EE8               	decfsz	wreg,f,c
   851  00086E  D7FD               	goto	u237
   852  000870  2E01               	decfsz	??_DelayPORXLCD& (0+255),f,c
   853  000872  D7FB               	goto	u237
   854  000874  0012               	return		;funcret
   855  000876  FFFF               	dw	65535	; errata NOP
   856  000878                     __end_of_DelayPORXLCD:
   857                           	opt stack 0
   858                           tblptru	equ	0xFF8
   859                           tblptrh	equ	0xFF7
   860                           tblptrl	equ	0xFF6
   861                           tablat	equ	0xFF5
   862                           wreg	equ	0xFE8
   863                           status	equ	0xFD8
   864                           
   865 ;; *************** function _BusyXLCD *****************
   866 ;; Defined at:
   867 ;;		line 12 in file "lcd.c"
   868 ;; Parameters:    Size  Location     Type
   869 ;;		None
   870 ;; Auto vars:     Size  Location     Type
   871 ;;		None
   872 ;; Return value:  Size  Location     Type
   873 ;;                  1    wreg      unsigned char 
   874 ;; Registers used:
   875 ;;		wreg, cstack
   876 ;; Tracked objects:
   877 ;;		On entry : 0/0
   878 ;;		On exit  : 0/0
   879 ;;		Unchanged: 0/0
   880 ;; Data sizes:     COMRAM   BANK0   BANK1   BANK2   BANK3   BANK4   BANK5
   881 ;;      Params:         0       0       0       0       0       0       0
   882 ;;      Locals:         0       0       0       0       0       0       0
   883 ;;      Temps:          0       0       0       0       0       0       0
   884 ;;      Totals:         0       0       0       0       0       0       0
   885 ;;Total ram usage:        0 bytes
   886 ;; Hardware stack levels used:    1
   887 ;; Hardware stack levels required when called:    1
   888 ;; This function calls:
   889 ;;		_DelayFor18TCY
   890 ;; This function is called by:
   891 ;;		_main
   892 ;;		_OpenXLCD
   893 ;;		_putrsXLCD
   894 ;;		_putsXLCD
   895 ;; This function uses a non-reentrant model
   896 ;;
   897                           
   898                           	psect	text7
   899  0007E8                     __ptext7:
   900                           	opt stack 0
   901  0007E8                     _BusyXLCD:
   902                           	opt stack 28
   903                           
   904                           ;incstack = 0
   905  0007E8  FFFF               	dw	65535
   906                           
   907                           ;lcd.c: 14: LATDbits.LATD2 = 1;
   908  0007EA  848C               	bsf	3980,2,c	;volatile
   909                           
   910                           ;lcd.c: 15: LATDbits.LATD1 = 0;
   911  0007EC  928C               	bcf	3980,1,c	;volatile
   912                           
   913                           ;lcd.c: 16: DelayFor18TCY();
   914  0007EE  EC3C  F004         	call	_DelayFor18TCY	;wreg free
   915                           
   916                           ;lcd.c: 17: LATDbits.LATD0 = 1;
   917  0007F2  808C               	bsf	3980,0,c	;volatile
   918                           
   919                           ;lcd.c: 18: DelayFor18TCY();
   920  0007F4  EC3C  F004         	call	_DelayFor18TCY	;wreg free
   921                           
   922                           ;lcd.c: 34: if(PORTD&0x80)
   923  0007F8  AE83               	btfss	3971,7,c	;volatile
   924  0007FA  D00A               	goto	l70
   925                           
   926                           ;lcd.c: 38: {
   927                           ;lcd.c: 39: LATDbits.LATD0 = 0;
   928  0007FC  908C               	bcf	3980,0,c	;volatile
   929                           
   930                           ;lcd.c: 40: DelayFor18TCY();
   931  0007FE  EC3C  F004         	call	_DelayFor18TCY	;wreg free
   932                           
   933                           ;lcd.c: 41: LATDbits.LATD0 = 1;
   934  000802  808C               	bsf	3980,0,c	;volatile
   935                           
   936                           ;lcd.c: 42: DelayFor18TCY();
   937  000804  EC3C  F004         	call	_DelayFor18TCY	;wreg free
   938                           
   939                           ;lcd.c: 43: LATDbits.LATD0 = 0;
   940  000808  908C               	bcf	3980,0,c	;volatile
   941                           
   942                           ;lcd.c: 44: LATDbits.LATD2 = 0;
   943  00080A  948C               	bcf	3980,2,c	;volatile
   944                           
   945                           ;lcd.c: 45: return 1;
   946  00080C  0E01               	movlw	1
   947                           
   948                           ;lcd.c: 46: }
   949  00080E  D009               	goto	l71
   950  000810                     l70:
   951                           
   952                           ;lcd.c: 47: else
   953                           ;lcd.c: 48: {
   954                           ;lcd.c: 49: LATDbits.LATD0 = 0;
   955  000810  908C               	bcf	3980,0,c	;volatile
   956                           
   957                           ;lcd.c: 50: DelayFor18TCY();
   958  000812  EC3C  F004         	call	_DelayFor18TCY	;wreg free
   959                           
   960                           ;lcd.c: 51: LATDbits.LATD0 = 1;
   961  000816  808C               	bsf	3980,0,c	;volatile
   962                           
   963                           ;lcd.c: 52: DelayFor18TCY();
   964  000818  EC3C  F004         	call	_DelayFor18TCY	;wreg free
   965                           
   966                           ;lcd.c: 53: LATDbits.LATD0 = 0;
   967  00081C  908C               	bcf	3980,0,c	;volatile
   968                           
   969                           ;lcd.c: 54: LATDbits.LATD2 = 0;
   970  00081E  948C               	bcf	3980,2,c	;volatile
   971                           
   972                           ;lcd.c: 55: return 0;
   973  000820  0E00               	movlw	0
   974  000822                     l71:
   975  000822  0012               	return		;funcret
   976  000824  FFFF               	dw	65535	; errata NOP
   977  000826                     __end_of_BusyXLCD:
   978                           	opt stack 0
   979                           tblptru	equ	0xFF8
   980                           tblptrh	equ	0xFF7
   981                           tblptrl	equ	0xFF6
   982                           tablat	equ	0xFF5
   983                           wreg	equ	0xFE8
   984                           status	equ	0xFD8
   985                           
   986 ;; *************** function _DelayFor18TCY *****************
   987 ;; Defined at:
   988 ;;		line 51 in file "lcdmain.c"
   989 ;; Parameters:    Size  Location     Type
   990 ;;		None
   991 ;; Auto vars:     Size  Location     Type
   992 ;;		None
   993 ;; Return value:  Size  Location     Type
   994 ;;		None               void
   995 ;; Registers used:
   996 ;;		wreg
   997 ;; Tracked objects:
   998 ;;		On entry : 0/0
   999 ;;		On exit  : 0/0
  1000 ;;		Unchanged: 0/0
  1001 ;; Data sizes:     COMRAM   BANK0   BANK1   BANK2   BANK3   BANK4   BANK5
  1002 ;;      Params:         0       0       0       0       0       0       0
  1003 ;;      Locals:         0       0       0       0       0       0       0
  1004 ;;      Temps:          0       0       0       0       0       0       0
  1005 ;;      Totals:         0       0       0       0       0       0       0
  1006 ;;Total ram usage:        0 bytes
  1007 ;; Hardware stack levels used:    1
  1008 ;; This function calls:
  1009 ;;		Nothing
  1010 ;; This function is called by:
  1011 ;;		_BusyXLCD
  1012 ;;		_SetDDRamAddr
  1013 ;;		_WriteCmdXLCD
  1014 ;;		_WriteDataXLCD
  1015 ;;		_ReadAddrXLCD
  1016 ;;		_ReadDataXLCD
  1017 ;;		_SetCGRamAddr
  1018 ;; This function uses a non-reentrant model
  1019 ;;
  1020                           
  1021                           	psect	text8
  1022  000878                     __ptext8:
  1023                           	opt stack 0
  1024  000878                     _DelayFor18TCY:
  1025                           	opt stack 28
  1026                           
  1027                           ;incstack = 0
  1028  000878  FFFF               	dw	65535
  1029                           
  1030                           ;lcdmain.c: 53: _delay((unsigned long)((18)*((4000000)/4000000.0)));
  1031  00087A  0E04               	movlw	4
  1032  00087C                     u247:
  1033  00087C  FFFF               	dw	65535	; errata NOP
  1034  00087E  2EE8               	decfsz	wreg,f,c
  1035  000880  D7FD               	goto	u247
  1036  000882  D000               	nop2		;nop
  1037  000884  0012               	return		;funcret
  1038  000886  FFFF               	dw	65535	; errata NOP
  1039  000888                     __end_of_DelayFor18TCY:
  1040                           	opt stack 0
  1041                           tblptru	equ	0xFF8
  1042                           tblptrh	equ	0xFF7
  1043                           tblptrl	equ	0xFF6
  1044                           tablat	equ	0xFF5
  1045                           wreg	equ	0xFE8
  1046                           status	equ	0xFD8
  1047                           tblptru	equ	0xFF8
  1048                           tblptrh	equ	0xFF7
  1049                           tblptrl	equ	0xFF6
  1050                           tablat	equ	0xFF5
  1051                           wreg	equ	0xFE8
  1052                           status	equ	0xFD8
  1053                           
  1054                           	psect	rparam
  1055  0000                     tblptru	equ	0xFF8
  1056                           tblptrh	equ	0xFF7
  1057                           tblptrl	equ	0xFF6
  1058                           tablat	equ	0xFF5
  1059                           wreg	equ	0xFE8
  1060                           status	equ	0xFD8


Data Sizes:
    Strings     12
    Constant    0
    Data        0
    BSS         0
    Persistent  0
    Stack       0

Auto Spaces:
    Space          Size  Autos    Used
    COMRAM          127      3       3
    BANK0           128      0       0
    BANK1           256      0       0
    BANK2           256      0       0
    BANK3           256      0       0
    BANK4           256      0       0
    BANK5           256      0       0

Pointer List with Targets:

    putrsXLCD@buffer	PTR const unsigned char  size(2) Largest target is 12
		 -> STR_1(CODE[12]), 


Critical Paths under _main in COMRAM

    _main->_OpenXLCD
    _main->_putrsXLCD
    _putrsXLCD->_WriteDataXLCD
    _OpenXLCD->_DelayPORXLCD
    _OpenXLCD->_SetDDRamAddr
    _OpenXLCD->_WriteCmdXLCD

Critical Paths under _main in BANK0

    None.

Critical Paths under _main in BANK1

    None.

Critical Paths under _main in BANK2

    None.

Critical Paths under _main in BANK3

    None.

Critical Paths under _main in BANK4

    None.

Critical Paths under _main in BANK5

    None.

Call Graph Tables:

 ---------------------------------------------------------------------------------
 (Depth) Function   	        Calls       Base Space   Used Autos Params    Refs
 ---------------------------------------------------------------------------------
 (0) _main                                                 0     0      0     274
                           _BusyXLCD
                           _OpenXLCD
                       _SetDDRamAddr
                       _WriteCmdXLCD
                          _putrsXLCD
 ---------------------------------------------------------------------------------
 (1) _putrsXLCD                                            2     0      2     139
                                              1 COMRAM     2     0      2
                           _BusyXLCD
                      _WriteDataXLCD
 ---------------------------------------------------------------------------------
 (2) _WriteDataXLCD                                        1     1      0      30
                                              0 COMRAM     1     1      0
                      _DelayFor18TCY
 ---------------------------------------------------------------------------------
 (1) _OpenXLCD                                             2     2      0      75
                                              1 COMRAM     2     2      0
                           _BusyXLCD
                       _DelayPORXLCD
                       _SetDDRamAddr
                       _WriteCmdXLCD
 ---------------------------------------------------------------------------------
 (1) _WriteCmdXLCD                                         1     1      0      30
                                              0 COMRAM     1     1      0
                      _DelayFor18TCY
 ---------------------------------------------------------------------------------
 (1) _SetDDRamAddr                                         1     1      0      30
                                              0 COMRAM     1     1      0
                      _DelayFor18TCY
 ---------------------------------------------------------------------------------
 (2) _DelayPORXLCD                                         1     1      0       0
                                              0 COMRAM     1     1      0
 ---------------------------------------------------------------------------------
 (2) _BusyXLCD                                             0     0      0       0
                      _DelayFor18TCY
 ---------------------------------------------------------------------------------
 (3) _DelayFor18TCY                                        0     0      0       0
 ---------------------------------------------------------------------------------
 Estimated maximum stack depth 3
 ---------------------------------------------------------------------------------

 Call Graph Graphs:

 _main (ROOT)
   _BusyXLCD
     _DelayFor18TCY
   _OpenXLCD
     _BusyXLCD
       _DelayFor18TCY
     _DelayPORXLCD
     _SetDDRamAddr
       _DelayFor18TCY
     _WriteCmdXLCD
       _DelayFor18TCY
   _SetDDRamAddr
     _DelayFor18TCY
   _WriteCmdXLCD
     _DelayFor18TCY
   _putrsXLCD
     _BusyXLCD
       _DelayFor18TCY
     _WriteDataXLCD
       _DelayFor18TCY

 Address spaces:
Name               Size   Autos  Total    Cost      Usage
BITCOMRAM           7F      0       0       0        0.0%
EEDATA             100      0       0       0        0.0%
NULL                 0      0       0       0        0.0%
CODE                 0      0       0       0        0.0%
COMRAM              7F      3       3       1        2.4%
STACK                0      0       0       2        0.0%
DATA                 0      0       0       3        0.0%
BITBANK0            80      0       0       4        0.0%
BANK0               80      0       0       5        0.0%
BITBANK1           100      0       0       6        0.0%
BANK1              100      0       0       7        0.0%
BITBANK2           100      0       0       8        0.0%
BANK2              100      0       0       9        0.0%
BITBANK3           100      0       0      10        0.0%
BANK3              100      0       0      11        0.0%
BITBANK4           100      0       0      12        0.0%
BANK4              100      0       0      13        0.0%
BANK5              100      0       0      14        0.0%
ABS                  0      0       0      15        0.0%
BITBANK5           100      0       0      16        0.0%
BIGRAM             5FF      0       0      17        0.0%
BITSFR               0      0       0      40        0.0%
SFR                  0      0       0      40        0.0%


Microchip Technology PIC18 Macro Assembler V1.35 build -356382666 
Symbol Table                                                                                   Wed Oct 25 13:13:32 2017

                                                                   l36 071E  
                                                                   l70 0810  
                                                                   l71 0822  
                                                          __CFG_OSC$HS 000000  
                                                                  l902 06B6  
                                                                  l880 065C  
                                                                  l890 0686  
                                                                  l882 0666  
                                                                  l894 0696  
                                                                  l886 0676  
                                                                  l898 06A6  
                                                                  u217 0636  
                                                                  u227 064C  
                                                                  u237 086A  
                                                                  u247 087C  
                                                __size_of_WriteCmdXLCD 0042  
                                                                  wreg 000FE8  
                                                         __CFG_LVP$OFF 000000  
                                                         __CFG_WDT$OFF 000000  
                                                                 l1030 084A  
                                                                 l1024 082A  
                                                                 l1040 06F2  
                                                                 l1044 0702  
                                                                 l1036 06E2  
                                                                 STR_1 0601  
                                                                 _LATB 000F8A  
                                                                 _LATD 000F8C  
                                                                 _main 06CA  
                                               __size_of_WriteDataXLCD 0042  
                                                                 start 0002  
                                                         ___param_bank 000010  
                                                         _WriteCmdXLCD 07A6  
                                                        ?_SetDDRamAddr 0001  
                                                                ?_main 0001  
                                                                _PORTD 000F83  
                                                                _TRISB 000F93  
                                                                _TRISD 000F95  
                                                                tablat 000FF5  
                                                                status 000FD8  
                                                      __initialization 0888  
                                                         __end_of_main 0720  
                                                     __end_of_BusyXLCD 0826  
                                                __size_of_DelayPORXLCD 0016  
                                                       ??_SetDDRamAddr 0001  
                                                     __end_of_OpenXLCD 06CA  
                                                               ??_main 0004  
                                                        __activetblptr 000001  
                                                        _WriteDataXLCD 0764  
                                                         _DelayPORXLCD 0862  
                                                       ?_WriteDataXLCD 0001  
                                                         __mediumconst 0000  
                                                               tblptrh 000FF7  
                                                               tblptrl 000FF6  
                                                               tblptru 000FF8  
                                                           __accesstop 0080  
                                              __end_of__initialization 0888  
                                                        ___rparam_used 000001  
                                                       __pcstackCOMRAM 0001  
                                               __size_of_DelayFor18TCY 0010  
                                                            ?_BusyXLCD 0001  
                                                      WriteCmdXLCD@cmd 0001  
                                                 __end_of_SetDDRamAddr 0764  
                                                            ?_OpenXLCD 0001  
                                                    WriteDataXLCD@data 0001  
                                                      ??_WriteDataXLCD 0001  
                                                   __size_of_putrsXLCD 003C  
                                                           ??_BusyXLCD 0001  
                                                           ??_OpenXLCD 0002  
                                                              __Hparam 0000  
                                                              __Lparam 0000  
                                                        _DelayFor18TCY 0878  
                                                         __psmallconst 0600  
                                                              __pcinit 0888  
                                                      putrsXLCD@buffer 0002  
                                                              __ramtop 0600  
                                                              __ptext0 06CA  
                                                              __ptext1 0826  
                                                              __ptext2 0764  
                                                              __ptext3 060E  
                                                              __ptext4 07A6  
                                                              __ptext5 0720  
                                                              __ptext6 0862  
                                                              __ptext7 07E8  
                                                              __ptext8 0878  
                                                 end_of_initialization 0888  
                                                       ?_DelayFor18TCY 0001  
                                                    __end_of_putrsXLCD 0862  
                                                            _TRISDbits 000F95  
                                                __size_of_SetDDRamAddr 0044  
                                                         _SetDDRamAddr 0720  
                                                   SetDDRamAddr@DDaddr 0001  
                                                  start_initialization 0888  
                                                    __size_of_BusyXLCD 003E  
                                                      ??_DelayFor18TCY 0001  
                                                    __size_of_OpenXLCD 00BC  
                                                        ?_WriteCmdXLCD 0001  
                                                       ??_WriteCmdXLCD 0001  
                                                __end_of_WriteDataXLCD 07A6  
                                                          __smallconst 0600  
                                                             _LATDbits 000F8C  
                                                        ?_DelayPORXLCD 0001  
                                                      OpenXLCD@lcdtype 0003  
                                                            _putrsXLCD 0826  
                                                             _BusyXLCD 07E8  
                                                       ??_DelayPORXLCD 0001  
                                                             _OpenXLCD 060E  
                                                             __Hrparam 0000  
                                                             __Lrparam 0000  
                                                         __Lsmallconst 0600  
                                                           ?_putrsXLCD 0002  
                                                 __end_of_WriteCmdXLCD 07E8  
                                                        __size_of_main 0056  
                                                __end_of_DelayFor18TCY 0888  
                                                 __end_of_DelayPORXLCD 0878  
                                                          ??_putrsXLCD 0004  
